<?xml version="1.0" encoding="UTF-8"?>
<testsuite xmlns:xsi="http://www.w3.org/2001/XMLSchema-instance" xsi:noNamespaceSchemaLocation="https://maven.apache.org/surefire/maven-surefire-plugin/xsd/surefire-test-report.xsd" version="3.0.2" name="com.sunrise.dental.service.AppointmentServiceTest" time="1.124" tests="8" errors="0" skipped="0" failures="0">
  <properties>
[...]
</properties>
  <testcase name="testEmptyAppointmentNumber" classname="com.sunrise.dental.service.AppointmentServiceTest" time="0.009"/>
  <testcase name="testInvalidTreatment" classname="com.sunrise.dental.service.AppointmentServiceTest" time="0.814"/>
  <testcase name="testEmptyDentistName" classname="com.sunrise.dental.service.AppointmentServiceTest" time="0.037"/>
  <testcase name="testEmptyAddress" classname="com.sunrise.dental.service.AppointmentServiceTest" time="0.038"/>
  <testcase name="testEmptyContactNumber" classname="com.sunrise.dental.service.AppointmentServiceTest" time="0.031"/>
  <testcase name="testEmptyPatientName" classname="com.sunrise.dental.service.AppointmentServiceTest" time="0.034"/>
  <testcase name="testMissingDate" classname="com.sunrise.dental.service.AppointmentServiceTest" time="0.037"/>
  <testcase name="testMissingTime" classname="com.sunrise.dental.service.AppointmentServiceTest" time="0.03"/>
</testsuite>